<?xml version="1.0" encoding="UTF-8" ?>
<testsuite failures="0" time="0.281" errors="0" skipped="0" tests="1" name="com.myexamples.AppTest">
  <properties>
    <property name="java.runtime.name" value="Java(TM) SE Runtime Environment"/>
    <property name="sun.boot.library.path" value="c:\Program Files\Java\jdk1.6.0_20\jre\bin"/>
    <property name="java.vm.version" value="16.3-b01"/>
    <property name="java.vm.vendor" value="Sun Microsystems Inc."/>
    <property name="java.vendor.url" value="http://java.sun.com/"/>
    <property name="path.separator" value=";"/>
    <property name="java.vm.name" value="Java HotSpot(TM) Client VM"/>
    <property name="file.encoding.pkg" value="sun.io"/>
    <property name="user.country" value="US"/>
    <property name="sun.java.launcher" value="SUN_STANDARD"/>
    <property name="sun.os.patch.level" value="Service Pack 3"/>
    <property name="java.vm.specification.name" value="Java Virtual Machine Specification"/>
    <property name="user.dir" value="c:\Anand\Work\heroku\devcenter\devcenter-java-worker"/>
    <property name="java.runtime.version" value="1.6.0_20-b02"/>
    <property name="java.awt.graphicsenv" value="sun.awt.Win32GraphicsEnvironment"/>
    <property name="basedir" value="c:\Anand\Work\heroku\devcenter\devcenter-java-worker"/>
    <property name="java.endorsed.dirs" value="c:\Program Files\Java\jdk1.6.0_20\jre\lib\endorsed"/>
    <property name="os.arch" value="x86"/>
    <property name="surefire.real.class.path" value="C:\DOCUME~1\ANARAS~1\LOCALS~1\Temp\surefirebooter425848337356786912.jar"/>
    <property name="java.io.tmpdir" value="C:\DOCUME~1\ANARAS~1\LOCALS~1\Temp\"/>
    <property name="line.separator" value="
"/>
    <property name="java.vm.specification.vendor" value="Sun Microsystems Inc."/>
    <property name="user.variant" value=""/>
    <property name="os.name" value="Windows XP"/>
    <property name="sun.jnu.encoding" value="Cp1252"/>
    <property name="java.library.path" value="c:\Program Files\Java\jdk1.6.0_20\jre\bin;.;C:\WINDOWS\Sun\Java\bin;C:\WINDOWS\system32;C:\WINDOWS;c:\Documents and Settings\anarasimhan\bin;.;C:\Program Files\Git\local\bin;C:\Program Files\Git\mingw\bin;C:\Program Files\Git\bin;C:\Program Files\Git\bin;c:\Program Files\Heroku;c:\Program Files\Foreman;c:\Anand\TechStuff\play-1.2.2;c:\Anand\Work\heroku\gradle-1.0-milestone-3\bin;c:\Anand\Work\heroku\grails\bin;c:\Program Files\RSA SecurID Token Common;c:\Anand\TechStuff\apache-maven-2.2.1\bin;c:\Program Files\Windows Resource Kits\Tools\;c:\Python27;c:\Python32\Scripts;c:\Program Files\Java\jdk1.6.0_20\bin;c:\Anand\TechStuff\android-sdk-windows\tools;c:\Anand\TechStuff\android-sdk-windows\platform-tools;c:\Anand\TechStuff\mongodb-win32-i386-1.6.5\bin;c:\Ruby192\bin;c:\AppCloud;%CYGWIN_HOME%\bin;c:\Anand\TechStuff\apache-ant-1.8.2\bin;c:\WINDOWS\system32;c:\WINDOWS;c:\WINDOWS\System32\Wbem;c:\WINDOWS\system32\WindowsPowerShell\v1.0;c:\Program Files\Common Files\Roxio Shared\DLLShared\;c:\Program Files\Common Files\Roxio Shared\10.0\DLLShared\;c:\Program Files\Intel\WiFi\bin\;c:\Program Files\QuickTime\QTSystem\;c:\Program Files\Heroku;C:\Program Files\Git\bin;C:\Program Files\Git\cmd"/>
    <property name="surefire.test.class.path" value="c:\Anand\Work\heroku\devcenter\devcenter-java-worker\target\test-classes;c:\Anand\Work\heroku\devcenter\devcenter-java-worker\target\classes;C:\Documents and Settings\anarasimhan\.m2\repository\junit\junit\3.8.1\junit-3.8.1.jar;"/>
    <property name="java.specification.name" value="Java Platform API Specification"/>
    <property name="java.class.version" value="50.0"/>
    <property name="sun.management.compiler" value="HotSpot Client Compiler"/>
    <property name="os.version" value="5.1"/>
    <property name="user.home" value="C:\Documents and Settings\anarasimhan"/>
    <property name="user.timezone" value=""/>
    <property name="java.awt.printerjob" value="sun.awt.windows.WPrinterJob"/>
    <property name="java.specification.version" value="1.6"/>
    <property name="file.encoding" value="Cp1252"/>
    <property name="user.name" value="anarasimhan"/>
    <property name="java.class.path" value="c:\Anand\Work\heroku\devcenter\devcenter-java-worker\target\test-classes;c:\Anand\Work\heroku\devcenter\devcenter-java-worker\target\classes;C:\Documents and Settings\anarasimhan\.m2\repository\junit\junit\3.8.1\junit-3.8.1.jar;"/>
    <property name="java.vm.specification.version" value="1.0"/>
    <property name="sun.arch.data.model" value="32"/>
    <property name="java.home" value="c:\Program Files\Java\jdk1.6.0_20\jre"/>
    <property name="java.specification.vendor" value="Sun Microsystems Inc."/>
    <property name="user.language" value="en"/>
    <property name="awt.toolkit" value="sun.awt.windows.WToolkit"/>
    <property name="java.vm.info" value="mixed mode"/>
    <property name="java.version" value="1.6.0_20"/>
    <property name="java.ext.dirs" value="c:\Program Files\Java\jdk1.6.0_20\jre\lib\ext;C:\WINDOWS\Sun\Java\lib\ext"/>
    <property name="sun.boot.class.path" value="c:\Program Files\Java\jdk1.6.0_20\jre\lib\resources.jar;c:\Program Files\Java\jdk1.6.0_20\jre\lib\rt.jar;c:\Program Files\Java\jdk1.6.0_20\jre\lib\sunrsasign.jar;c:\Program Files\Java\jdk1.6.0_20\jre\lib\jsse.jar;c:\Program Files\Java\jdk1.6.0_20\jre\lib\jce.jar;c:\Program Files\Java\jdk1.6.0_20\jre\lib\charsets.jar;c:\Program Files\Java\jdk1.6.0_20\jre\classes"/>
    <property name="java.vendor" value="Sun Microsystems Inc."/>
    <property name="localRepository" value="C:\Documents and Settings\anarasimhan\.m2\repository"/>
    <property name="file.separator" value="\"/>
    <property name="java.vendor.url.bug" value="http://java.sun.com/cgi-bin/bugreport.cgi"/>
    <property name="sun.cpu.endian" value="little"/>
    <property name="sun.io.unicode.encoding" value="UnicodeLittle"/>
    <property name="sun.desktop" value="windows"/>
    <property name="sun.cpu.isalist" value="pentium_pro+mmx pentium_pro pentium+mmx pentium i486 i386 i86"/>
  </properties>
  <testcase time="0" classname="com.myexamples.AppTest" name="testApp"/>
</testsuite>